<?xml version="1.0" encoding="UTF-8"?>
<!-- Generated by org.testng.reporters.JUnitXMLReporter -->
<testsuite ignored="0" hostname="DESKTOP-HOOOIG6" failures="0" tests="5" name="Test3" time="14.288" errors="0" timestamp="2021-09-06T16:00:38 IST">
  <testcase classname="com.app.booking.tests.BookFlight" name="registrationPageTest" time="8.514"/>
  <testcase classname="com.app.booking.tests.BookFlight" name="registrationConfirmationPage" time="0.201"/>
  <testcase classname="com.app.booking.tests.BookFlight" name="flightDetailsPage" time="1.584"/>
  <testcase classname="com.app.booking.tests.BookFlight" name="findFlightsPage" time="0.548"/>
  <testcase classname="com.app.booking.tests.BookFlight" name="confirmationPage" time="0.322"/>
</testsuite> <!-- Test3 -->
