<?xml version="1.0" encoding="UTF-8"?>
<!-- Generated by org.testng.reporters.JUnitXMLReporter -->
<testsuite ignored="0" hostname="DESKTOP-HOOOIG6" failures="0" tests="5" name="Test" time="297.988" errors="0" timestamp="2021-09-06T22:58:55 IST">
  <testcase classname="com.app.booking.tests.BookFlight" name="registrationPageTest" time="287.639"/>
  <testcase classname="com.app.booking.tests.BookFlight" name="registrationConfirmationPage" time="0.567"/>
  <testcase classname="com.app.booking.tests.BookFlight" name="flightDetailsPage" time="1.892"/>
  <testcase classname="com.app.booking.tests.BookFlight" name="findFlightsPage" time="0.625"/>
  <testcase classname="com.app.booking.tests.BookFlight" name="confirmationPage" time="0.493"/>
</testsuite> <!-- Test -->
