<?xml version="1.0" encoding="UTF-8"?>
<!-- Generated by org.testng.reporters.JUnitXMLReporter -->
<testsuite ignored="0" hostname="DESKTOP-HOOOIG6" failures="0" tests="5" name="Test4" time="13.888" errors="0" timestamp="2021-09-06T16:00:52 IST">
  <testcase classname="com.app.booking.tests.BookFlight" name="registrationPageTest" time="8.104"/>
  <testcase classname="com.app.booking.tests.BookFlight" name="registrationConfirmationPage" time="0.178"/>
  <testcase classname="com.app.booking.tests.BookFlight" name="flightDetailsPage" time="1.65"/>
  <testcase classname="com.app.booking.tests.BookFlight" name="findFlightsPage" time="0.426"/>
  <testcase classname="com.app.booking.tests.BookFlight" name="confirmationPage" time="0.271"/>
</testsuite> <!-- Test4 -->
