<?xml version="1.0" encoding="UTF-8"?>
<!-- Generated by org.testng.reporters.JUnitXMLReporter -->
<testsuite ignored="0" hostname="DESKTOP-HOOOIG6" failures="0" tests="5" name="Test2" time="291.294" errors="0" timestamp="2021-09-06T22:58:48 IST">
  <testcase classname="com.app.booking.tests.BookFlight" name="registrationPageTest" time="279.695"/>
  <testcase classname="com.app.booking.tests.BookFlight" name="registrationConfirmationPage" time="0.511"/>
  <testcase classname="com.app.booking.tests.BookFlight" name="flightDetailsPage" time="2.218"/>
  <testcase classname="com.app.booking.tests.BookFlight" name="findFlightsPage" time="0.982"/>
  <testcase classname="com.app.booking.tests.BookFlight" name="confirmationPage" time="0.943"/>
</testsuite> <!-- Test2 -->
