<?xml version="1.0" encoding="UTF-8"?>
<!-- Generated by org.testng.reporters.JUnitXMLReporter -->
<testsuite ignored="0" hostname="DESKTOP-HOOOIG6" failures="0" tests="5" name="Default test" time="17.051" errors="0" timestamp="2021-09-06T14:58:57 IST">
  <testcase classname="com.app.tests.BookFlight" name="registrationPageTest" time="9.576"/>
  <testcase classname="com.app.tests.BookFlight" name="registrationConfirmationPage" time="0.264"/>
  <testcase classname="com.app.tests.BookFlight" name="flightDetailsPage" time="1.784"/>
  <testcase classname="com.app.tests.BookFlight" name="findFlightsPage" time="0.505"/>
  <testcase classname="com.app.tests.BookFlight" name="confirmationPage" time="0.337"/>
</testsuite> <!-- Default test -->
