<?xml version="1.0" encoding="UTF-8"?>
<testng-results ignored="0" total="2" passed="2" failed="0" skipped="0">
  <reporter-output>
  </reporter-output>
  <suite started-at="2021-09-06T16:01:02 IST" name="Suite" finished-at="2021-09-06T16:01:26 IST" duration-ms="23948">
    <groups>
    </groups>
    <test started-at="2021-09-06T16:01:02 IST" name="Test" finished-at="2021-09-06T16:01:15 IST" duration-ms="12819">
      <class name="com.app.search.tests.SearchTest">
        <test-method is-config="true" signature="setupDriver()[pri:0, instance:com.app.search.tests.SearchTest@1e683a3e]" started-at="2021-09-06T16:01:02 IST" name="setupDriver" finished-at="2021-09-06T16:01:05 IST" duration-ms="3051" status="PASS">
          <reporter-output>
          </reporter-output>
        </test-method> <!-- setupDriver -->
        <test-method signature="searchPage(java.lang.String)[pri:0, instance:com.app.search.tests.SearchTest@1e683a3e]" started-at="2021-09-06T16:01:05 IST" name="searchPage" finished-at="2021-09-06T16:01:14 IST" duration-ms="8892" status="PASS">
          <params>
            <param index="0">
              <value>
                <![CDATA[java]]>
              </value>
            </param>
          </params>
          <reporter-output>
          </reporter-output>
        </test-method> <!-- searchPage -->
        <test-method is-config="true" signature="tearDown()[pri:0, instance:com.app.search.tests.SearchTest@1e683a3e]" started-at="2021-09-06T16:01:14 IST" name="tearDown" finished-at="2021-09-06T16:01:15 IST" duration-ms="795" status="PASS">
          <reporter-output>
          </reporter-output>
        </test-method> <!-- tearDown -->
      </class> <!-- com.app.search.tests.SearchTest -->
    </test> <!-- Test -->
    <test started-at="2021-09-06T16:01:15 IST" name="TestSearch" finished-at="2021-09-06T16:01:26 IST" duration-ms="11059">
      <class name="com.app.search.tests.SearchTest">
        <test-method is-config="true" signature="setupDriver()[pri:0, instance:com.app.search.tests.SearchTest@5acf93bb]" started-at="2021-09-06T16:01:15 IST" name="setupDriver" finished-at="2021-09-06T16:01:17 IST" duration-ms="1759" status="PASS">
          <reporter-output>
          </reporter-output>
        </test-method> <!-- setupDriver -->
        <test-method signature="searchPage(java.lang.String)[pri:0, instance:com.app.search.tests.SearchTest@5acf93bb]" started-at="2021-09-06T16:01:17 IST" name="searchPage" finished-at="2021-09-06T16:01:25 IST" duration-ms="8437" status="PASS">
          <params>
            <param index="0">
              <value>
                <![CDATA[selenium]]>
              </value>
            </param>
          </params>
          <reporter-output>
          </reporter-output>
        </test-method> <!-- searchPage -->
        <test-method is-config="true" signature="tearDown()[pri:0, instance:com.app.search.tests.SearchTest@5acf93bb]" started-at="2021-09-06T16:01:25 IST" name="tearDown" finished-at="2021-09-06T16:01:26 IST" duration-ms="853" status="PASS">
          <reporter-output>
          </reporter-output>
        </test-method> <!-- tearDown -->
      </class> <!-- com.app.search.tests.SearchTest -->
    </test> <!-- TestSearch -->
  </suite> <!-- Suite -->
</testng-results>
